CRITICAL - 2025-08-01 06:04:49 --> CodeIgniter\Router\Exceptions\RouterException: The namespace delimiter is a backslash (\), not a slash (/). Route handler: "\App\Controllers\Auth/LoginController::index"
[Method: GET, Route: /]
in SYSTEMPATH\Router\Router.php on line 496.
 1 SYSTEMPATH\Router\Router.php(496): CodeIgniter\Router\Exceptions\RouterException::forInvalidControllerName('\\App\\Controllers\\Auth/LoginController::index')
 2 SYSTEMPATH\Router\Router.php(213): CodeIgniter\Router\Router->checkRoutes('/')
 3 SYSTEMPATH\CodeIgniter.php(832): CodeIgniter\Router\Router->handle('/')
 4 SYSTEMPATH\CodeIgniter.php(455): CodeIgniter\CodeIgniter->tryToRouteIt(Object(CodeIgniter\Router\RouteCollection))
 5 SYSTEMPATH\CodeIgniter.php(354): CodeIgniter\CodeIgniter->handleRequest(null, Object(Config\Cache), false)
 6 SYSTEMPATH\Boot.php(363): CodeIgniter\CodeIgniter->run()
 7 SYSTEMPATH\Boot.php(68): CodeIgniter\Boot::runCodeIgniter(Object(CodeIgniter\CodeIgniter))
 8 FCPATH\index.php(59): CodeIgniter\Boot::bootWeb(Object(Config\Paths))
CRITICAL - 2025-08-01 06:08:33 --> CodeIgniter\Router\Exceptions\RouterException: The namespace delimiter is a backslash (\), not a slash (/). Route handler: "\App\Controllers\Auth/LoginController::index"
[Method: GET, Route: /]
in SYSTEMPATH\Router\Router.php on line 496.
 1 SYSTEMPATH\Router\Router.php(496): CodeIgniter\Router\Exceptions\RouterException::forInvalidControllerName('\\App\\Controllers\\Auth/LoginController::index')
 2 SYSTEMPATH\Router\Router.php(213): CodeIgniter\Router\Router->checkRoutes('/')
 3 SYSTEMPATH\CodeIgniter.php(832): CodeIgniter\Router\Router->handle('/')
 4 SYSTEMPATH\CodeIgniter.php(455): CodeIgniter\CodeIgniter->tryToRouteIt(Object(CodeIgniter\Router\RouteCollection))
 5 SYSTEMPATH\CodeIgniter.php(354): CodeIgniter\CodeIgniter->handleRequest(null, Object(Config\Cache), false)
 6 SYSTEMPATH\Boot.php(363): CodeIgniter\CodeIgniter->run()
 7 SYSTEMPATH\Boot.php(68): CodeIgniter\Boot::runCodeIgniter(Object(CodeIgniter\CodeIgniter))
 8 FCPATH\index.php(59): CodeIgniter\Boot::bootWeb(Object(Config\Paths))
CRITICAL - 2025-08-01 06:30:53 --> ErrorException: include(View/template/header.php): Failed to open stream: No such file or directory
[Method: GET, Route: /]
in APPPATH\Views\auth\login.php on line 5.
 1 APPPATH\Views\auth\login.php(5): CodeIgniter\Debug\Exceptions->errorHandler(2, 'include(View/template/header.php): Failed to open stream: No such file or directory', 'C:\\xampp\\htdocs\\koomersys\\app\\Views\\auth\\login.php', 5)
 2 APPPATH\Views\auth\login.php(5): include()
 3 SYSTEMPATH\View\View.php(226): include('C:\\xampp\\htdocs\\koomersys\\app\\Views\\auth\\login.php')
 4 SYSTEMPATH\View\View.php(229): CodeIgniter\View\View->CodeIgniter\View\{closure}()
 5 SYSTEMPATH\Common.php(1167): CodeIgniter\View\View->render('auth/login', [], true)
 6 APPPATH\Controllers\Auth\LoginController.php(9): view('auth/login')
 7 SYSTEMPATH\CodeIgniter.php(933): App\Controllers\Auth\LoginController->index()
 8 SYSTEMPATH\CodeIgniter.php(507): CodeIgniter\CodeIgniter->runController(Object(App\Controllers\Auth\LoginController))
 9 SYSTEMPATH\CodeIgniter.php(354): CodeIgniter\CodeIgniter->handleRequest(null, Object(Config\Cache), false)
10 SYSTEMPATH\Boot.php(363): CodeIgniter\CodeIgniter->run()
11 SYSTEMPATH\Boot.php(68): CodeIgniter\Boot::runCodeIgniter(Object(CodeIgniter\CodeIgniter))
12 FCPATH\index.php(59): CodeIgniter\Boot::bootWeb(Object(Config\Paths))
CRITICAL - 2025-08-01 06:31:14 --> ErrorException: include(../template/header.php): Failed to open stream: No such file or directory
[Method: GET, Route: /]
in APPPATH\Views\auth\login.php on line 5.
 1 APPPATH\Views\auth\login.php(5): CodeIgniter\Debug\Exceptions->errorHandler(2, 'include(../template/header.php): Failed to open stream: No such file or directory', 'C:\\xampp\\htdocs\\koomersys\\app\\Views\\auth\\login.php', 5)
 2 APPPATH\Views\auth\login.php(5): include()
 3 SYSTEMPATH\View\View.php(226): include('C:\\xampp\\htdocs\\koomersys\\app\\Views\\auth\\login.php')
 4 SYSTEMPATH\View\View.php(229): CodeIgniter\View\View->CodeIgniter\View\{closure}()
 5 SYSTEMPATH\Common.php(1167): CodeIgniter\View\View->render('auth/login', [], true)
 6 APPPATH\Controllers\Auth\LoginController.php(9): view('auth/login')
 7 SYSTEMPATH\CodeIgniter.php(933): App\Controllers\Auth\LoginController->index()
 8 SYSTEMPATH\CodeIgniter.php(507): CodeIgniter\CodeIgniter->runController(Object(App\Controllers\Auth\LoginController))
 9 SYSTEMPATH\CodeIgniter.php(354): CodeIgniter\CodeIgniter->handleRequest(null, Object(Config\Cache), false)
10 SYSTEMPATH\Boot.php(363): CodeIgniter\CodeIgniter->run()
11 SYSTEMPATH\Boot.php(68): CodeIgniter\Boot::runCodeIgniter(Object(CodeIgniter\CodeIgniter))
12 FCPATH\index.php(59): CodeIgniter\Boot::bootWeb(Object(Config\Paths))
CRITICAL - 2025-08-01 06:31:36 --> ErrorException: include(template/header.php): Failed to open stream: No such file or directory
[Method: GET, Route: /]
in APPPATH\Views\auth\login.php on line 5.
 1 APPPATH\Views\auth\login.php(5): CodeIgniter\Debug\Exceptions->errorHandler(2, 'include(template/header.php): Failed to open stream: No such file or directory', 'C:\\xampp\\htdocs\\koomersys\\app\\Views\\auth\\login.php', 5)
 2 APPPATH\Views\auth\login.php(5): include()
 3 SYSTEMPATH\View\View.php(226): include('C:\\xampp\\htdocs\\koomersys\\app\\Views\\auth\\login.php')
 4 SYSTEMPATH\View\View.php(229): CodeIgniter\View\View->CodeIgniter\View\{closure}()
 5 SYSTEMPATH\Common.php(1167): CodeIgniter\View\View->render('auth/login', [], true)
 6 APPPATH\Controllers\Auth\LoginController.php(9): view('auth/login')
 7 SYSTEMPATH\CodeIgniter.php(933): App\Controllers\Auth\LoginController->index()
 8 SYSTEMPATH\CodeIgniter.php(507): CodeIgniter\CodeIgniter->runController(Object(App\Controllers\Auth\LoginController))
 9 SYSTEMPATH\CodeIgniter.php(354): CodeIgniter\CodeIgniter->handleRequest(null, Object(Config\Cache), false)
10 SYSTEMPATH\Boot.php(363): CodeIgniter\CodeIgniter->run()
11 SYSTEMPATH\Boot.php(68): CodeIgniter\Boot::runCodeIgniter(Object(CodeIgniter\CodeIgniter))
12 FCPATH\index.php(59): CodeIgniter\Boot::bootWeb(Object(Config\Paths))
CRITICAL - 2025-08-01 06:31:54 --> ErrorException: include(../templates/header.php): Failed to open stream: No such file or directory
[Method: GET, Route: /]
in APPPATH\Views\auth\login.php on line 5.
 1 APPPATH\Views\auth\login.php(5): CodeIgniter\Debug\Exceptions->errorHandler(2, 'include(../templates/header.php): Failed to open stream: No such file or directory', 'C:\\xampp\\htdocs\\koomersys\\app\\Views\\auth\\login.php', 5)
 2 APPPATH\Views\auth\login.php(5): include()
 3 SYSTEMPATH\View\View.php(226): include('C:\\xampp\\htdocs\\koomersys\\app\\Views\\auth\\login.php')
 4 SYSTEMPATH\View\View.php(229): CodeIgniter\View\View->CodeIgniter\View\{closure}()
 5 SYSTEMPATH\Common.php(1167): CodeIgniter\View\View->render('auth/login', [], true)
 6 APPPATH\Controllers\Auth\LoginController.php(9): view('auth/login')
 7 SYSTEMPATH\CodeIgniter.php(933): App\Controllers\Auth\LoginController->index()
 8 SYSTEMPATH\CodeIgniter.php(507): CodeIgniter\CodeIgniter->runController(Object(App\Controllers\Auth\LoginController))
 9 SYSTEMPATH\CodeIgniter.php(354): CodeIgniter\CodeIgniter->handleRequest(null, Object(Config\Cache), false)
10 SYSTEMPATH\Boot.php(363): CodeIgniter\CodeIgniter->run()
11 SYSTEMPATH\Boot.php(68): CodeIgniter\Boot::runCodeIgniter(Object(CodeIgniter\CodeIgniter))
12 FCPATH\index.php(59): CodeIgniter\Boot::bootWeb(Object(Config\Paths))
CRITICAL - 2025-08-01 06:33:04 --> CodeIgniter\View\Exceptions\ViewException: Invalid file: "../templates/header.php"
[Method: GET, Route: /]
in SYSTEMPATH\Exceptions\FrameworkException.php on line 39.
 1 SYSTEMPATH\View\View.php(214): CodeIgniter\Exceptions\FrameworkException::forInvalidFile('../templates/header.php')
 2 SYSTEMPATH\View\View.php(475): CodeIgniter\View\View->render('../templates/header.php', null, true)
 3 APPPATH\Views\auth\login.php(5): CodeIgniter\View\View->include('../templates/header.php')
 4 SYSTEMPATH\View\View.php(226): include('C:\\xampp\\htdocs\\koomersys\\app\\Views\\auth\\login.php')
 5 SYSTEMPATH\View\View.php(229): CodeIgniter\View\View->CodeIgniter\View\{closure}()
 6 SYSTEMPATH\Common.php(1167): CodeIgniter\View\View->render('auth/login', [], true)
 7 APPPATH\Controllers\Auth\LoginController.php(9): view('auth/login')
 8 SYSTEMPATH\CodeIgniter.php(933): App\Controllers\Auth\LoginController->index()
 9 SYSTEMPATH\CodeIgniter.php(507): CodeIgniter\CodeIgniter->runController(Object(App\Controllers\Auth\LoginController))
10 SYSTEMPATH\CodeIgniter.php(354): CodeIgniter\CodeIgniter->handleRequest(null, Object(Config\Cache), false)
11 SYSTEMPATH\Boot.php(363): CodeIgniter\CodeIgniter->run()
12 SYSTEMPATH\Boot.php(68): CodeIgniter\Boot::runCodeIgniter(Object(CodeIgniter\CodeIgniter))
13 FCPATH\index.php(59): CodeIgniter\Boot::bootWeb(Object(Config\Paths))
