CRITICAL - 2025-08-02 21:14:50 --> CodeIgniter\View\Exceptions\ViewException: Invalid file: "../templates/footer.php"
[Method: GET, Route: /]
in SYSTEMPATH\Exceptions\FrameworkException.php on line 39.
 1 SYSTEMPATH\View\View.php(214): CodeIgniter\Exceptions\FrameworkException::forInvalidFile('../templates/footer.php')
 2 SYSTEMPATH\View\View.php(475): CodeIgniter\View\View->render('../templates/footer.php', null, true)
 3 APPPATH\Views\auth\login.php(29): CodeIgniter\View\View->include('../templates/footer.php')
 4 SYSTEMPATH\View\View.php(226): include('C:\\xampp\\htdocs\\koomersys\\app\\Views\\auth\\login.php')
 5 SYSTEMPATH\View\View.php(229): CodeIgniter\View\View->CodeIgniter\View\{closure}()
 6 SYSTEMPATH\Common.php(1167): CodeIgniter\View\View->render('auth/login', [], true)
 7 APPPATH\Controllers\Auth\LoginController.php(9): view('auth/login')
 8 SYSTEMPATH\CodeIgniter.php(933): App\Controllers\Auth\LoginController->index()
 9 SYSTEMPATH\CodeIgniter.php(507): CodeIgniter\CodeIgniter->runController(Object(App\Controllers\Auth\LoginController))
10 SYSTEMPATH\CodeIgniter.php(354): CodeIgniter\CodeIgniter->handleRequest(null, Object(Config\Cache), false)
11 SYSTEMPATH\Boot.php(363): CodeIgniter\CodeIgniter->run()
12 SYSTEMPATH\Boot.php(68): CodeIgniter\Boot::runCodeIgniter(Object(CodeIgniter\CodeIgniter))
13 FCPATH\index.php(59): CodeIgniter\Boot::bootWeb(Object(Config\Paths))
CRITICAL - 2025-08-02 21:18:19 --> CodeIgniter\View\Exceptions\ViewException: Invalid file: "ruta/de/la/vista.php"
[Method: GET, Route: /]
in SYSTEMPATH\Exceptions\FrameworkException.php on line 39.
 1 SYSTEMPATH\View\View.php(214): CodeIgniter\Exceptions\FrameworkException::forInvalidFile('ruta/de/la/vista.php')
 2 SYSTEMPATH\Common.php(1167): CodeIgniter\View\View->render('ruta/de/la/vista', [], true)
 3 APPPATH\Views\auth\login.php(63): view('ruta/de/la/vista')
 4 SYSTEMPATH\View\View.php(226): include('C:\\xampp\\htdocs\\koomersys\\app\\Views\\auth\\login.php')
 5 SYSTEMPATH\View\View.php(229): CodeIgniter\View\View->CodeIgniter\View\{closure}()
 6 SYSTEMPATH\Common.php(1167): CodeIgniter\View\View->render('auth/login', [], true)
 7 APPPATH\Controllers\Auth\LoginController.php(9): view('auth/login')
 8 SYSTEMPATH\CodeIgniter.php(933): App\Controllers\Auth\LoginController->index()
 9 SYSTEMPATH\CodeIgniter.php(507): CodeIgniter\CodeIgniter->runController(Object(App\Controllers\Auth\LoginController))
10 SYSTEMPATH\CodeIgniter.php(354): CodeIgniter\CodeIgniter->handleRequest(null, Object(Config\Cache), false)
11 SYSTEMPATH\Boot.php(363): CodeIgniter\CodeIgniter->run()
12 SYSTEMPATH\Boot.php(68): CodeIgniter\Boot::runCodeIgniter(Object(CodeIgniter\CodeIgniter))
13 FCPATH\index.php(59): CodeIgniter\Boot::bootWeb(Object(Config\Paths))
